\BOOKMARK [0][-]{Item.5}{\376\377\000K\000A\000T\000A\000\040\000P\000E\000N\000G\000A\000N\000T\000A\000R}{}% 1
\BOOKMARK [0][-]{chapter*.2}{\376\377\000A\000B\000S\000T\000R\000A\000K}{}% 2
\BOOKMARK [0][-]{chapter*.3}{\376\377\000A\000B\000S\000T\000R\000A\000C\000T}{}% 3
\BOOKMARK [0][-]{chapter*.4}{\376\377\000D\000A\000F\000T\000A\000R\000\040\000I\000S\000I}{}% 4
\BOOKMARK [0][-]{chapter*.5}{\376\377\000D\000A\000F\000T\000A\000R\000\040\000G\000A\000M\000B\000A\000R}{}% 5
\BOOKMARK [0][-]{chapter*.6}{\376\377\000D\000A\000F\000T\000A\000R\000\040\000T\000A\000B\000E\000L}{}% 6
\BOOKMARK [0][-]{chapter.1}{\376\377\000P\000E\000N\000D\000A\000H\000U\000L\000U\000A\000N}{}% 7
\BOOKMARK [1][-]{section.1.1}{\376\377\000L\000a\000t\000a\000r\000\040\000B\000e\000l\000a\000k\000a\000n\000g\000\040\000M\000a\000s\000a\000l\000a\000h}{chapter.1}% 8
\BOOKMARK [1][-]{section.1.2}{\376\377\000R\000u\000m\000u\000s\000a\000n\000\040\000M\000a\000s\000a\000l\000a\000h}{chapter.1}% 9
\BOOKMARK [1][-]{section.1.3}{\376\377\000B\000a\000t\000a\000s\000a\000n\000\040\000M\000a\000s\000a\000l\000a\000h}{chapter.1}% 10
\BOOKMARK [1][-]{section.1.4}{\376\377\000T\000u\000j\000u\000a\000n\000\040\000P\000e\000n\000e\000l\000i\000t\000i\000a\000n}{chapter.1}% 11
\BOOKMARK [1][-]{section.1.5}{\376\377\000M\000a\000n\000f\000a\000a\000t\000\040\000P\000e\000n\000e\000l\000i\000t\000i\000a\000n}{chapter.1}% 12
\BOOKMARK [0][-]{chapter.2}{\376\377\000K\000A\000J\000I\000A\000N\000\040\000P\000U\000S\000T\000A\000K\000A}{}% 13
\BOOKMARK [1][-]{section.2.1}{\376\377\000P\000e\000n\000g\000e\000r\000t\000i\000a\000n\000\040\000C\000i\000t\000r\000a\000\040\000D\000i\000g\000i\000t\000a\000l}{chapter.2}% 14
\BOOKMARK [1][-]{section.2.2}{\376\377\000P\000e\000n\000g\000o\000l\000a\000h\000a\000n\000\040\000C\000i\000t\000r\000a\000\040\000D\000i\000g\000i\000t\000a\000l}{chapter.2}% 15
\BOOKMARK [1][-]{section.2.3}{\376\377\000C\000i\000t\000r\000a\000\040\000B\000e\000r\000w\000a\000r\000n\000a}{chapter.2}% 16
\BOOKMARK [1][-]{section.2.4}{\376\377\000C\000i\000t\000r\000a\000\040\000G\000r\000a\000y\000s\000c\000a\000l\000e}{chapter.2}% 17
\BOOKMARK [1][-]{section.2.5}{\376\377\000G\000a\000u\000s\000s\000i\000a\000n\000\040\000S\000m\000o\000o\000t\000h\000i\000n\000g}{chapter.2}% 18
\BOOKMARK [1][-]{section.2.6}{\376\377\000G\000r\000a\000d\000i\000e\000n\000t}{chapter.2}% 19
\BOOKMARK [2][-]{subsection.2.6.1}{\376\377\000O\000p\000e\000r\000a\000t\000o\000r\000\040\000S\000o\000b\000e\000l}{section.2.6}% 20
\BOOKMARK [2][-]{subsection.2.6.2}{\376\377\000P\000r\000e\000w\000i\000t\000t\000\040\000F\000i\000l\000t\000e\000r}{section.2.6}% 21
\BOOKMARK [2][-]{subsection.2.6.3}{\376\377\000S\000c\000h\000a\000r\000r\000\040\000F\000i\000l\000t\000e\000r}{section.2.6}% 22
\BOOKMARK [1][-]{section.2.7}{\376\377\000S\000e\000c\000o\000n\000d\000\040\000m\000o\000m\000e\000n\000t\000\040\000m\000a\000t\000r\000i\000x}{chapter.2}% 23
\BOOKMARK [1][-]{section.2.8}{\376\377\000H\000a\000r\000r\000i\000s\000-\000C\000o\000r\000n\000e\000r\000\040\000D\000e\000t\000e\000c\000t\000i\000o\000n}{chapter.2}% 24
\BOOKMARK [1][-]{section.2.9}{\376\377\000T\000h\000r\000e\000s\000h\000o\000l\000d\000i\000n\000g\000\040\000d\000a\000n\000\040\000N\000o\000n\000-\000M\000a\000x\000i\000m\000u\000m\000\040\000S\000u\000p\000p\000r\000e\000s\000s\000i\000o\000n}{chapter.2}% 25
\BOOKMARK [1][-]{section.2.10}{\376\377\000P\000r\000o\000y\000e\000k\000s\000i\000\040\000P\000e\000r\000s\000p\000e\000k\000t\000i\000f}{chapter.2}% 26
\BOOKMARK [1][-]{section.2.11}{\376\377\000R\000o\000t\000a\000s\000i}{chapter.2}% 27
\BOOKMARK [1][-]{section.2.12}{\376\377\000B\000o\000u\000n\000d\000i\000n\000g\000\040\000B\000o\000x}{chapter.2}% 28
\BOOKMARK [1][-]{section.2.13}{\376\377\000V\000i\000s\000u\000a\000l\000-\000W\000e\000i\000g\000h\000t\000\040\000R\000e\000l\000a\000t\000i\000o\000n\000s\000h\000i\000p\000\040\000d\000a\000n\000\040\000L\000e\000n\000g\000t\000h\000-\000W\000e\000i\000g\000h\000t\000\040\000R\000e\000l\000a\000t\000i\000o\000n\000s\000h\000i\000p}{chapter.2}% 29
\BOOKMARK [1][-]{section.2.14}{\376\377\000M\000e\000a\000n\000\040\000A\000b\000s\000o\000l\000u\000t\000e\000\040\000E\000r\000r\000o\000r\000\040\000\050\000M\000A\000E\000\051}{chapter.2}% 30
\BOOKMARK [1][-]{section.2.15}{\376\377\000M\000e\000a\000n\000\040\000A\000b\000s\000o\000l\000u\000t\000e\000\040\000P\000e\000r\000c\000e\000n\000t\000a\000g\000e\000\040\000E\000r\000r\000o\000r\000\040\000\050\000M\000A\000P\000E\000\051}{chapter.2}% 31
\BOOKMARK [0][-]{chapter.3}{\376\377\000M\000E\000T\000O\000D\000E\000\040\000P\000E\000N\000E\000L\000I\000T\000I\000A\000N}{}% 32
\BOOKMARK [1][-]{section.3.1}{\376\377\000A\000l\000u\000r\000\040\000P\000e\000n\000e\000l\000i\000t\000i\000a\000n}{chapter.3}% 33
\BOOKMARK [1][-]{section.3.2}{\376\377\000D\000a\000t\000a\000s\000e\000t\000\040\000P\000e\000n\000e\000l\000i\000t\000i\000a\000n}{chapter.3}% 34
\BOOKMARK [1][-]{section.3.3}{\376\377\000P\000r\000a\000-\000P\000r\000o\000c\000e\000s\000s\000i\000n\000g\000\040\000C\000i\000t\000r\000a}{chapter.3}% 35
\BOOKMARK [2][-]{subsection.3.3.1}{\376\377\000P\000e\000n\000g\000h\000a\000p\000u\000s\000a\000n\000\040\000B\000a\000c\000k\000g\000r\000o\000u\000n\000d}{section.3.3}% 36
\BOOKMARK [2][-]{subsection.3.3.2}{\376\377\000S\000m\000o\000o\000t\000h\000i\000n\000g\000\040\000G\000a\000u\000s\000s\000i\000a\000n}{section.3.3}% 37
\BOOKMARK [2][-]{subsection.3.3.3}{\376\377\000R\000o\000t\000a\000s\000i}{section.3.3}% 38
\BOOKMARK [1][-]{section.3.4}{\376\377\000M\000e\000n\000g\000h\000i\000t\000u\000n\000g\000\040\000G\000r\000a\000d\000i\000e\000n}{chapter.3}% 39
\BOOKMARK [1][-]{section.3.5}{\376\377\000M\000e\000n\000g\000h\000i\000t\000u\000n\000g\000\040\000S\000e\000c\000o\000n\000d\000\040\000M\000o\000m\000e\000n\000t\000\040\000M\000a\000t\000r\000i\000x}{chapter.3}% 40
\BOOKMARK [1][-]{section.3.6}{\376\377\000H\000a\000r\000r\000i\000s\000\040\000R\000e\000s\000p\000o\000n\000s\000e}{chapter.3}% 41
\BOOKMARK [1][-]{section.3.7}{\376\377\000T\000h\000r\000e\000s\000h\000o\000l\000d\000i\000n\000g\000\040\000d\000a\000n\000\040\000N\000o\000n\000-\000M\000a\000x\000i\000m\000u\000m\000\040\000s\000u\000p\000p\000r\000e\000s\000s\000i\000o\000n}{chapter.3}% 42
\BOOKMARK [1][-]{section.3.8}{\376\377\000P\000e\000n\000g\000h\000i\000t\000u\000n\000g\000a\000n\000\040\000p\000a\000n\000j\000a\000n\000g\000\040\000d\000a\000n\000\040\000E\000s\000t\000i\000m\000a\000s\000i\000\040\000b\000e\000r\000a\000t}{chapter.3}% 43
\BOOKMARK [2][-]{subsection.3.8.1}{\376\377\000B\000o\000u\000n\000d\000i\000n\000g\000\040\000B\000o\000x}{section.3.8}% 44
\BOOKMARK [2][-]{subsection.3.8.2}{\376\377\000M\000e\000n\000g\000h\000i\000t\000u\000n\000g\000\040\000P\000a\000n\000j\000a\000n\000g}{section.3.8}% 45
\BOOKMARK [2][-]{subsection.3.8.3}{\376\377\000M\000e\000l\000a\000k\000u\000k\000a\000n\000\040\000P\000r\000o\000y\000e\000k\000s\000i\000\040\000P\000e\000r\000s\000p\000e\000k\000t\000i\000f}{section.3.8}% 46
\BOOKMARK [2][-]{subsection.3.8.4}{\376\377\000M\000e\000n\000g\000e\000s\000t\000i\000m\000a\000s\000i\000\040\000B\000e\000r\000a\000t}{section.3.8}% 47
\BOOKMARK [1][-]{section.3.9}{\376\377\000E\000v\000a\000l\000u\000a\000s\000i\000\040\000A\000k\000u\000r\000a\000s\000i}{chapter.3}% 48
\BOOKMARK [0][-]{chapter.4}{\376\377\000H\000A\000S\000I\000L\000\040\000D\000A\000N\000\040\000P\000E\000M\000B\000A\000H\000A\000S\000A\000N}{}% 49
\BOOKMARK [1][-]{section.4.1}{\376\377\000P\000r\000a\000-\000P\000r\000o\000c\000e\000s\000s\000i\000n\000g\000\040\000C\000i\000t\000r\000a}{chapter.4}% 50
\BOOKMARK [2][-]{subsection.4.1.1}{\376\377\000I\000n\000p\000u\000t\000\040\000G\000a\000m\000b\000a\000r\000\040\000d\000a\000n\000\040\000P\000e\000n\000g\000h\000i\000l\000a\000n\000g\000a\000n\000\040\000B\000a\000c\000k\000g\000r\000o\000u\000n\000d}{section.4.1}% 51
\BOOKMARK [2][-]{subsection.4.1.2}{\376\377\000R\000o\000t\000a\000s\000i}{section.4.1}% 52
\BOOKMARK [2][-]{subsection.4.1.3}{\376\377\000S\000m\000o\000o\000t\000h\000i\000n\000g\000\040\000G\000a\000u\000s\000s\000i\000a\000n}{section.4.1}% 53
\BOOKMARK [1][-]{section.4.2}{\376\377\000M\000e\000n\000g\000h\000i\000t\000u\000n\000g\000\040\000G\000r\000a\000d\000i\000e\000n}{chapter.4}% 54
\BOOKMARK [1][-]{section.4.3}{\376\377\000A\000u\000t\000o\000\040\000K\000o\000r\000e\000l\000a\000s\000i}{chapter.4}% 55
\BOOKMARK [1][-]{section.4.4}{\376\377\000H\000a\000r\000r\000i\000s\000\040\000R\000e\000s\000p\000o\000n}{chapter.4}% 56
\BOOKMARK [1][-]{section.4.5}{\376\377\000N\000M\000S\000\040\000d\000a\000n\000\040\000t\000h\000r\000e\000s\000h\000o\000l\000d\000i\000n\000g}{chapter.4}% 57
\BOOKMARK [1][-]{section.4.6}{\376\377\000M\000e\000n\000g\000h\000i\000t\000u\000n\000g\000\040\000P\000a\000n\000j\000a\000n\000g\000\040\000d\000a\000n\000\040\000B\000e\000r\000a\000t}{chapter.4}% 58
\BOOKMARK [2][-]{subsection.4.6.1}{\376\377\000B\000o\000u\000n\000d\000i\000n\000g\000\040\000B\000o\000x}{section.4.6}% 59
\BOOKMARK [2][-]{subsection.4.6.2}{\376\377\000M\000e\000n\000g\000h\000i\000t\000u\000n\000g\000\040\000P\000a\000n\000j\000a\000n\000g}{section.4.6}% 60
\BOOKMARK [2][-]{subsection.4.6.3}{\376\377\000M\000e\000m\000p\000r\000o\000y\000e\000k\000s\000i\000\040\000P\000e\000r\000s\000p\000e\000c\000t\000i\000f}{section.4.6}% 61
\BOOKMARK [2][-]{subsection.4.6.4}{\376\377\000M\000e\000n\000g\000i\000t\000u\000n\000g\000\040\000B\000e\000r\000a\000t}{section.4.6}% 62
\BOOKMARK [1][-]{section.4.7}{\376\377\000E\000v\000a\000l\000u\000a\000s\000i\000\040\000A\000k\000u\000r\000a\000s\000i}{chapter.4}% 63
\BOOKMARK [0][-]{chapter.5}{\376\377\000K\000E\000S\000I\000M\000P\000U\000L\000A\000N\000\040\000D\000A\000N\000\040\000S\000A\000R\000A\000N}{}% 64
\BOOKMARK [1][-]{section.5.1}{\376\377\000K\000e\000s\000i\000m\000p\000u\000l\000a\000n}{chapter.5}% 65
\BOOKMARK [1][-]{section.5.2}{\376\377\000S\000a\000r\000a\000n}{chapter.5}% 66
\BOOKMARK [0][-]{Item.26}{\376\377\000D\000A\000F\000T\000A\000R\000\040\000P\000U\000S\000T\000A\000K\000A}{}% 67
\BOOKMARK [0][-]{chapter*.43}{\376\377\000L\000A\000M\000P\000I\000R\000A\000N}{}% 68
\BOOKMARK [0][-]{appendix.A}{\376\377\000S\000o\000u\000r\000c\000e\000\040\000C\000o\000d\000e}{}% 69
